<?xml version="1.0" encoding="UTF-8"?>
<!-- Generated by org.testng.reporters.JUnitXMLReporter -->
<testsuite ignored="22" hostname="DESKTOP-FB80D9H" failures="0" tests="3" name="Sanity" time="45.314" errors="0" timestamp="2022-05-25T17:15:16 PDT">
  <testcase classname="com.mystore.testcases.LoginPageTest" name="loginTest" time="7.26"/>
  <testcase classname="com.mystore.testcases.AddToCartPageTest" name="addToCartTest" time="10.469"/>
  <testcase classname="com.mystore.testcases.AccountCreationPageTest" name="verifyCreateAccountPageTest" time="5.211"/>
  <testcase classname="com.mystore.testcases.OrderPageTest" name="verifyTotalPrice" time="0.0">
    <ignored/>
  </testcase> <!-- verifyTotalPrice -->
  <testcase classname="com.mystore.testcases.IndexPageTest" name="verifyLogo" time="0.0">
    <ignored/>
  </testcase> <!-- verifyLogo -->
  <testcase classname="com.mystore.testcases.IndexPageTest" name="verifyTitle" time="0.0">
    <ignored/>
  </testcase> <!-- verifyTitle -->
  <testcase classname="com.mystore.base.BaseClass" name="@BeforeSuite loadConfig" time="0.0">
    <ignored/>
  </testcase> <!-- @BeforeSuite loadConfig -->
  <testcase classname="com.mystore.base.BaseClass" name="@BeforeSuite loadConfig" time="0.0">
    <ignored/>
  </testcase> <!-- @BeforeSuite loadConfig -->
  <testcase classname="com.mystore.base.BaseClass" name="@BeforeSuite loadConfig" time="0.0">
    <ignored/>
  </testcase> <!-- @BeforeSuite loadConfig -->
  <testcase classname="com.mystore.base.BaseClass" name="@BeforeSuite loadConfig" time="0.0">
    <ignored/>
  </testcase> <!-- @BeforeSuite loadConfig -->
  <testcase classname="com.mystore.base.BaseClass" name="@BeforeSuite loadConfig" time="0.0">
    <ignored/>
  </testcase> <!-- @BeforeSuite loadConfig -->
  <testcase classname="com.mystore.base.BaseClass" name="@BeforeSuite loadConfig" time="0.0">
    <ignored/>
  </testcase> <!-- @BeforeSuite loadConfig -->
  <testcase classname="com.mystore.base.BaseClass" name="@BeforeSuite loadConfig" time="0.0">
    <ignored/>
  </testcase> <!-- @BeforeSuite loadConfig -->
  <testcase classname="com.mystore.testcases.SearchResultPageTest" name="productAvailabilityTest" time="0.0">
    <ignored/>
  </testcase> <!-- productAvailabilityTest -->
  <testcase classname="com.mystore.testcases.AccountCreationPageTest" name="createAccountTest" time="0.0">
    <ignored/>
  </testcase> <!-- createAccountTest -->
  <testcase classname="com.mystore.testcases.HomePageTest" name="orderHistoryandDetailsTest" time="0.0">
    <ignored/>
  </testcase> <!-- orderHistoryandDetailsTest -->
  <testcase classname="com.mystore.testcases.HomePageTest" name="wishListTest" time="0.0">
    <ignored/>
  </testcase> <!-- wishListTest -->
  <testcase classname="com.mystore.base.BaseClass" name="@AfterSuite afterSuite" time="0.0">
    <ignored/>
  </testcase> <!-- @AfterSuite afterSuite -->
  <testcase classname="com.mystore.base.BaseClass" name="@AfterSuite afterSuite" time="0.0">
    <ignored/>
  </testcase> <!-- @AfterSuite afterSuite -->
  <testcase classname="com.mystore.base.BaseClass" name="@AfterSuite afterSuite" time="0.0">
    <ignored/>
  </testcase> <!-- @AfterSuite afterSuite -->
  <testcase classname="com.mystore.base.BaseClass" name="@AfterSuite afterSuite" time="0.0">
    <ignored/>
  </testcase> <!-- @AfterSuite afterSuite -->
  <testcase classname="com.mystore.base.BaseClass" name="@AfterSuite afterSuite" time="0.0">
    <ignored/>
  </testcase> <!-- @AfterSuite afterSuite -->
  <testcase classname="com.mystore.base.BaseClass" name="@AfterSuite afterSuite" time="0.0">
    <ignored/>
  </testcase> <!-- @AfterSuite afterSuite -->
  <testcase classname="com.mystore.base.BaseClass" name="@AfterSuite afterSuite" time="0.0">
    <ignored/>
  </testcase> <!-- @AfterSuite afterSuite -->
  <testcase classname="com.mystore.testcases.EndToEndTest" name="endToEndTest" time="0.0">
    <ignored/>
  </testcase> <!-- endToEndTest -->
</testsuite> <!-- Sanity -->
